[0.429s] DEBUG:colcon:Command line arguments: ['/usr/bin/colcon', 'build']
[0.429s] DEBUG:colcon:Parsed command line arguments: Namespace(log_base=None, log_level=None, verb_name='build', build_base='build', install_base='install', merge_install=False, symlink_install=False, test_result_base=None, continue_on_error=False, executor='parallel', parallel_workers=16, event_handlers=None, ignore_user_meta=False, metas=['./colcon.meta'], base_paths=['.'], packages_ignore=None, packages_ignore_regex=None, paths=None, packages_up_to=None, packages_up_to_regex=None, packages_above=None, packages_above_and_dependencies=None, packages_above_depth=None, packages_select_by_dep=None, packages_skip_by_dep=None, packages_skip_up_to=None, packages_select_build_failed=False, packages_skip_build_finished=False, packages_select_test_failures=False, packages_skip_test_passed=False, packages_select=None, packages_skip=None, packages_select_regex=None, packages_skip_regex=None, packages_start=None, packages_end=None, allow_overriding=[], cmake_args=None, cmake_target=None, cmake_target_skip_unavailable=False, cmake_clean_cache=False, cmake_clean_first=False, cmake_force_configure=False, ament_cmake_args=None, catkin_cmake_args=None, catkin_skip_building_tests=False, verb_parser=<colcon_defaults.argument_parser.defaults.DefaultArgumentsDecorator object at 0x7f23c6350a00>, verb_extension=<colcon_core.verb.build.BuildVerb object at 0x7f23c6386b60>, main=<bound method BuildVerb.main of <colcon_core.verb.build.BuildVerb object at 0x7f23c6386b60>>)
[0.451s] Level 1:colcon.colcon_core.package_discovery:discover_packages(colcon_meta) check parameters
[0.451s] Level 1:colcon.colcon_core.package_discovery:discover_packages(recursive) check parameters
[0.451s] Level 1:colcon.colcon_core.package_discovery:discover_packages(ignore) check parameters
[0.451s] Level 1:colcon.colcon_core.package_discovery:discover_packages(path) check parameters
[0.451s] Level 1:colcon.colcon_core.package_discovery:discover_packages(colcon_meta) discover
[0.451s] Level 1:colcon.colcon_core.package_discovery:discover_packages(recursive) discover
[0.451s] INFO:colcon.colcon_core.package_discovery:Crawling recursively for packages in '/home/controlslab/khushant'
[0.451s] Level 1:colcon.colcon_core.package_identification:_identify(.) by extensions ['ignore', 'ignore_ament_install']
[0.452s] Level 1:colcon.colcon_core.package_identification:_identify(.) by extension 'ignore'
[0.452s] Level 1:colcon.colcon_core.package_identification:_identify(.) by extension 'ignore_ament_install'
[0.452s] Level 1:colcon.colcon_core.package_identification:_identify(.) by extensions ['colcon_pkg']
[0.452s] Level 1:colcon.colcon_core.package_identification:_identify(.) by extension 'colcon_pkg'
[0.452s] Level 1:colcon.colcon_core.package_identification:_identify(.) by extensions ['colcon_meta']
[0.452s] Level 1:colcon.colcon_core.package_identification:_identify(.) by extension 'colcon_meta'
[0.452s] Level 1:colcon.colcon_core.package_identification:_identify(.) by extensions ['ros']
[0.452s] Level 1:colcon.colcon_core.package_identification:_identify(.) by extension 'ros'
[0.458s] Level 1:colcon.colcon_core.package_identification:_identify(.) by extensions ['cmake', 'python']
[0.458s] Level 1:colcon.colcon_core.package_identification:_identify(.) by extension 'cmake'
[0.458s] Level 1:colcon.colcon_core.package_identification:_identify(.) by extension 'python'
[0.458s] Level 1:colcon.colcon_core.package_identification:_identify(.) by extensions ['python_setup_py']
[0.458s] Level 1:colcon.colcon_core.package_identification:_identify(.) by extension 'python_setup_py'
[0.458s] Level 1:colcon.colcon_core.package_identification:_identify(build) by extensions ['ignore', 'ignore_ament_install']
[0.458s] Level 1:colcon.colcon_core.package_identification:_identify(build) by extension 'ignore'
[0.458s] Level 1:colcon.colcon_core.package_identification:_identify(build) ignored
[0.458s] Level 1:colcon.colcon_core.package_identification:_identify(install) by extensions ['ignore', 'ignore_ament_install']
[0.458s] Level 1:colcon.colcon_core.package_identification:_identify(install) by extension 'ignore'
[0.458s] Level 1:colcon.colcon_core.package_identification:_identify(install) ignored
[0.459s] Level 1:colcon.colcon_core.package_identification:_identify(log) by extensions ['ignore', 'ignore_ament_install']
[0.459s] Level 1:colcon.colcon_core.package_identification:_identify(log) by extension 'ignore'
[0.459s] Level 1:colcon.colcon_core.package_identification:_identify(log) ignored
[0.459s] Level 1:colcon.colcon_core.package_identification:_identify(src) by extensions ['ignore', 'ignore_ament_install']
[0.459s] Level 1:colcon.colcon_core.package_identification:_identify(src) by extension 'ignore'
[0.459s] Level 1:colcon.colcon_core.package_identification:_identify(src) by extension 'ignore_ament_install'
[0.459s] Level 1:colcon.colcon_core.package_identification:_identify(src) by extensions ['colcon_pkg']
[0.459s] Level 1:colcon.colcon_core.package_identification:_identify(src) by extension 'colcon_pkg'
[0.459s] Level 1:colcon.colcon_core.package_identification:_identify(src) by extensions ['colcon_meta']
[0.459s] Level 1:colcon.colcon_core.package_identification:_identify(src) by extension 'colcon_meta'
[0.459s] Level 1:colcon.colcon_core.package_identification:_identify(src) by extensions ['ros']
[0.459s] Level 1:colcon.colcon_core.package_identification:_identify(src) by extension 'ros'
[0.459s] Level 1:colcon.colcon_core.package_identification:_identify(src) by extensions ['cmake', 'python']
[0.459s] Level 1:colcon.colcon_core.package_identification:_identify(src) by extension 'cmake'
[0.459s] Level 1:colcon.colcon_core.package_identification:_identify(src) by extension 'python'
[0.459s] Level 1:colcon.colcon_core.package_identification:_identify(src) by extensions ['python_setup_py']
[0.459s] Level 1:colcon.colcon_core.package_identification:_identify(src) by extension 'python_setup_py'
[0.459s] Level 1:colcon.colcon_core.package_identification:_identify(src/controller) by extensions ['ignore', 'ignore_ament_install']
[0.459s] Level 1:colcon.colcon_core.package_identification:_identify(src/controller) by extension 'ignore'
[0.459s] Level 1:colcon.colcon_core.package_identification:_identify(src/controller) by extension 'ignore_ament_install'
[0.459s] Level 1:colcon.colcon_core.package_identification:_identify(src/controller) by extensions ['colcon_pkg']
[0.459s] Level 1:colcon.colcon_core.package_identification:_identify(src/controller) by extension 'colcon_pkg'
[0.459s] Level 1:colcon.colcon_core.package_identification:_identify(src/controller) by extensions ['colcon_meta']
[0.459s] Level 1:colcon.colcon_core.package_identification:_identify(src/controller) by extension 'colcon_meta'
[0.459s] Level 1:colcon.colcon_core.package_identification:_identify(src/controller) by extensions ['ros']
[0.459s] Level 1:colcon.colcon_core.package_identification:_identify(src/controller) by extension 'ros'
[0.461s] DEBUG:colcon.colcon_core.package_identification:Package 'src/controller' with type 'ros.ament_python' and name 'controller'
[0.461s] Level 1:colcon.colcon_core.package_discovery:discover_packages(recursive) using defaults
[0.461s] Level 1:colcon.colcon_core.package_discovery:discover_packages(ignore) discover
[0.461s] Level 1:colcon.colcon_core.package_discovery:discover_packages(ignore) using defaults
[0.461s] Level 1:colcon.colcon_core.package_discovery:discover_packages(path) discover
[0.461s] Level 1:colcon.colcon_core.package_discovery:discover_packages(path) using defaults
[0.501s] Level 1:colcon.colcon_core.package_discovery:discover_packages(prefix_path) check parameters
[0.501s] Level 1:colcon.colcon_core.package_discovery:discover_packages(prefix_path) discover
[0.514s] DEBUG:colcon.colcon_installed_package_information.package_discovery:Found 1 installed packages in /home/controlslab/khushant/install
[0.520s] DEBUG:colcon.colcon_installed_package_information.package_discovery:Found 281 installed packages in /opt/ros/humble
[0.521s] Level 1:colcon.colcon_core.package_discovery:discover_packages(prefix_path) using defaults
[0.567s] Level 5:colcon.colcon_core.verb:set package 'controller' build argument 'cmake_args' from command line to 'None'
[0.567s] Level 5:colcon.colcon_core.verb:set package 'controller' build argument 'cmake_target' from command line to 'None'
[0.567s] Level 5:colcon.colcon_core.verb:set package 'controller' build argument 'cmake_target_skip_unavailable' from command line to 'False'
[0.567s] Level 5:colcon.colcon_core.verb:set package 'controller' build argument 'cmake_clean_cache' from command line to 'False'
[0.567s] Level 5:colcon.colcon_core.verb:set package 'controller' build argument 'cmake_clean_first' from command line to 'False'
[0.567s] Level 5:colcon.colcon_core.verb:set package 'controller' build argument 'cmake_force_configure' from command line to 'False'
[0.567s] Level 5:colcon.colcon_core.verb:set package 'controller' build argument 'ament_cmake_args' from command line to 'None'
[0.567s] Level 5:colcon.colcon_core.verb:set package 'controller' build argument 'catkin_cmake_args' from command line to 'None'
[0.567s] Level 5:colcon.colcon_core.verb:set package 'controller' build argument 'catkin_skip_building_tests' from command line to 'False'
[0.567s] DEBUG:colcon.colcon_core.verb:Building package 'controller' with the following arguments: {'ament_cmake_args': None, 'build_base': '/home/controlslab/khushant/build/controller', 'catkin_cmake_args': None, 'catkin_skip_building_tests': False, 'cmake_args': None, 'cmake_clean_cache': False, 'cmake_clean_first': False, 'cmake_force_configure': False, 'cmake_target': None, 'cmake_target_skip_unavailable': False, 'install_base': '/home/controlslab/khushant/install/controller', 'merge_install': False, 'path': '/home/controlslab/khushant/src/controller', 'symlink_install': False, 'test_result_base': None}
[0.574s] INFO:colcon.colcon_core.executor:Executing jobs using 'parallel' executor
[0.581s] DEBUG:colcon.colcon_parallel_executor.executor.parallel:run_until_complete
[0.581s] INFO:colcon.colcon_ros.task.ament_python.build:Building ROS package in '/home/controlslab/khushant/src/controller' with build type 'ament_python'
[0.581s] Level 1:colcon.colcon_core.shell:create_environment_hook('controller', 'ament_prefix_path')
[0.588s] INFO:colcon.colcon_core.plugin_system:Skipping extension 'colcon_core.shell.bat': Not used on non-Windows systems
[0.588s] INFO:colcon.colcon_core.shell:Creating environment hook '/home/controlslab/khushant/install/controller/share/controller/hook/ament_prefix_path.ps1'
[0.589s] INFO:colcon.colcon_core.shell:Creating environment descriptor '/home/controlslab/khushant/install/controller/share/controller/hook/ament_prefix_path.dsv'
[0.589s] INFO:colcon.colcon_core.shell:Creating environment hook '/home/controlslab/khushant/install/controller/share/controller/hook/ament_prefix_path.sh'
[0.596s] INFO:colcon.colcon_core.shell:Skip shell extension 'powershell' for command environment: Not usable outside of PowerShell
[0.596s] DEBUG:colcon.colcon_core.shell:Skip shell extension 'dsv' for command environment
[0.765s] INFO:colcon.colcon_core.task.python.build:Building Python package in '/home/controlslab/khushant/src/controller'
[0.772s] INFO:colcon.colcon_core.shell:Skip shell extension 'powershell' for command environment: Not usable outside of PowerShell
[0.772s] DEBUG:colcon.colcon_core.shell:Skip shell extension 'dsv' for command environment
[0.965s] DEBUG:colcon.colcon_core.event_handler.log_command:Invoking command in '/home/controlslab/khushant/src/controller': PYTHONPATH=/home/controlslab/khushant/build/controller/prefix_override:/home/controlslab/khushant/install/controller/lib/python3.10/site-packages:${PYTHONPATH} /usr/bin/python3 setup.py egg_info --egg-base ../../build/controller build --build-base /home/controlslab/khushant/build/controller/build install --record /home/controlslab/khushant/build/controller/install.log --single-version-externally-managed
[1.169s] DEBUG:colcon.colcon_core.event_handler.log_command:Invoked command in '/home/controlslab/khushant/src/controller' returned '0': PYTHONPATH=/home/controlslab/khushant/build/controller/prefix_override:/home/controlslab/khushant/install/controller/lib/python3.10/site-packages:${PYTHONPATH} /usr/bin/python3 setup.py egg_info --egg-base ../../build/controller build --build-base /home/controlslab/khushant/build/controller/build install --record /home/controlslab/khushant/build/controller/install.log --single-version-externally-managed
[1.178s] Level 1:colcon.colcon_core.environment:checking '/home/controlslab/khushant/install/controller' for CMake module files
[1.178s] Level 1:colcon.colcon_core.environment:checking '/home/controlslab/khushant/install/controller' for CMake config files
[1.179s] Level 1:colcon.colcon_core.environment:checking '/home/controlslab/khushant/install/controller/lib'
[1.179s] Level 1:colcon.colcon_core.environment:checking '/home/controlslab/khushant/install/controller/bin'
[1.179s] Level 1:colcon.colcon_core.environment:checking '/home/controlslab/khushant/install/controller/lib/pkgconfig/controller.pc'
[1.179s] Level 1:colcon.colcon_core.environment:checking '/home/controlslab/khushant/install/controller/lib/python3.10/site-packages'
[1.179s] Level 1:colcon.colcon_core.shell:create_environment_hook('controller', 'pythonpath')
[1.186s] INFO:colcon.colcon_core.shell:Creating environment hook '/home/controlslab/khushant/install/controller/share/controller/hook/pythonpath.ps1'
[1.186s] INFO:colcon.colcon_core.shell:Creating environment descriptor '/home/controlslab/khushant/install/controller/share/controller/hook/pythonpath.dsv'
[1.186s] INFO:colcon.colcon_core.shell:Creating environment hook '/home/controlslab/khushant/install/controller/share/controller/hook/pythonpath.sh'
[1.187s] Level 1:colcon.colcon_core.environment:checking '/home/controlslab/khushant/install/controller/bin'
[1.187s] Level 1:colcon.colcon_core.environment:create_environment_scripts_only(controller)
[1.193s] INFO:colcon.colcon_core.shell:Creating package script '/home/controlslab/khushant/install/controller/share/controller/package.ps1'
[1.193s] INFO:colcon.colcon_core.shell:Creating package descriptor '/home/controlslab/khushant/install/controller/share/controller/package.dsv'
[1.194s] INFO:colcon.colcon_core.shell:Creating package script '/home/controlslab/khushant/install/controller/share/controller/package.sh'
[1.194s] INFO:colcon.colcon_core.shell:Creating package script '/home/controlslab/khushant/install/controller/share/controller/package.bash'
[1.194s] INFO:colcon.colcon_core.shell:Creating package script '/home/controlslab/khushant/install/controller/share/controller/package.zsh'
[1.195s] Level 1:colcon.colcon_core.environment:create_file_with_runtime_dependencies(/home/controlslab/khushant/install/controller/share/colcon-core/packages/controller)
[1.195s] DEBUG:colcon.colcon_parallel_executor.executor.parallel:closing loop
[1.195s] DEBUG:colcon.colcon_parallel_executor.executor.parallel:loop closed
[1.195s] DEBUG:colcon.colcon_parallel_executor.executor.parallel:run_until_complete finished with '0'
[1.195s] DEBUG:colcon.colcon_core.event_reactor:joining thread
[1.205s] INFO:colcon.colcon_core.plugin_system:Skipping extension 'colcon_notification.desktop_notification.terminal_notifier': Not used on non-Darwin systems
[1.205s] INFO:colcon.colcon_core.plugin_system:Skipping extension 'colcon_notification.desktop_notification.win32': Not used on non-Windows systems
[1.205s] INFO:colcon.colcon_notification.desktop_notification:Sending desktop notification using 'notify2'
[1.214s] DEBUG:colcon.colcon_core.event_reactor:joined thread
[1.226s] INFO:colcon.colcon_core.shell:Creating prefix script '/home/controlslab/khushant/install/local_setup.ps1'
[1.227s] INFO:colcon.colcon_core.shell:Creating prefix util module '/home/controlslab/khushant/install/_local_setup_util_ps1.py'
[1.228s] INFO:colcon.colcon_core.shell:Creating prefix chain script '/home/controlslab/khushant/install/setup.ps1'
[1.237s] INFO:colcon.colcon_core.shell:Creating prefix script '/home/controlslab/khushant/install/local_setup.sh'
[1.237s] INFO:colcon.colcon_core.shell:Creating prefix util module '/home/controlslab/khushant/install/_local_setup_util_sh.py'
[1.238s] INFO:colcon.colcon_core.shell:Creating prefix chain script '/home/controlslab/khushant/install/setup.sh'
[1.245s] INFO:colcon.colcon_core.shell:Creating prefix script '/home/controlslab/khushant/install/local_setup.bash'
[1.246s] INFO:colcon.colcon_core.shell:Creating prefix chain script '/home/controlslab/khushant/install/setup.bash'
[1.254s] INFO:colcon.colcon_core.shell:Creating prefix script '/home/controlslab/khushant/install/local_setup.zsh'
[1.255s] INFO:colcon.colcon_core.shell:Creating prefix chain script '/home/controlslab/khushant/install/setup.zsh'
