[0.936s] Invoking command in '/home/controlslab/khushant/src/controller': PYTHONPATH=/home/controlslab/khushant/build/controller/prefix_override:/home/controlslab/khushant/install/controller/lib/python3.10/site-packages:${PYTHONPATH} /usr/bin/python3 setup.py egg_info --egg-base ../../build/controller build --build-base /home/controlslab/khushant/build/controller/build install --record /home/controlslab/khushant/build/controller/install.log --single-version-externally-managed
[1.390s] running egg_info
[1.391s] writing ../../build/controller/controller.egg-info/PKG-INFO
[1.391s] writing dependency_links to ../../build/controller/controller.egg-info/dependency_links.txt
[1.391s] writing entry points to ../../build/controller/controller.egg-info/entry_points.txt
[1.392s] writing requirements to ../../build/controller/controller.egg-info/requires.txt
[1.392s] writing top-level names to ../../build/controller/controller.egg-info/top_level.txt
[1.394s] reading manifest file '../../build/controller/controller.egg-info/SOURCES.txt'
[1.394s] adding license file 'LICENSE'
[1.395s] writing manifest file '../../build/controller/controller.egg-info/SOURCES.txt'
[1.395s] running build
[1.395s] running build_py
[1.395s] copying controller/move.py -> /home/controlslab/khushant/build/controller/build/lib/controller
[1.395s] running install
[1.395s] /usr/lib/python3/dist-packages/setuptools/command/install.py:34: SetuptoolsDeprecationWarning: setup.py install is deprecated. Use build and pip and other standards-based tools.
[1.395s]   warnings.warn(
[1.395s] running install_lib
[1.396s] copying /home/controlslab/khushant/build/controller/build/lib/controller/move.py -> /home/controlslab/khushant/install/controller/lib/python3.10/site-packages/controller
[1.397s] byte-compiling /home/controlslab/khushant/install/controller/lib/python3.10/site-packages/controller/move.py to move.cpython-310.pyc
[1.398s] running install_data
[1.399s] running install_egg_info
[1.401s] removing '/home/controlslab/khushant/install/controller/lib/python3.10/site-packages/controller-0.0.0-py3.10.egg-info' (and everything under it)
[1.401s] Copying ../../build/controller/controller.egg-info to /home/controlslab/khushant/install/controller/lib/python3.10/site-packages/controller-0.0.0-py3.10.egg-info
[1.402s] running install_scripts
[1.433s] Installing move script to /home/controlslab/khushant/install/controller/lib/controller
[1.433s] writing list of installed files to '/home/controlslab/khushant/build/controller/install.log'
[1.471s] Invoked command in '/home/controlslab/khushant/src/controller' returned '0': PYTHONPATH=/home/controlslab/khushant/build/controller/prefix_override:/home/controlslab/khushant/install/controller/lib/python3.10/site-packages:${PYTHONPATH} /usr/bin/python3 setup.py egg_info --egg-base ../../build/controller build --build-base /home/controlslab/khushant/build/controller/build install --record /home/controlslab/khushant/build/controller/install.log --single-version-externally-managed
