[0.395s] DEBUG:colcon:Command line arguments: ['/usr/bin/colcon', 'build', '--symlink-install']
[0.395s] DEBUG:colcon:Parsed command line arguments: Namespace(log_base=None, log_level=None, verb_name='build', build_base='build', install_base='install', merge_install=False, symlink_install=True, test_result_base=None, continue_on_error=False, executor='parallel', parallel_workers=16, event_handlers=None, ignore_user_meta=False, metas=['./colcon.meta'], base_paths=['.'], packages_ignore=None, packages_ignore_regex=None, paths=None, packages_up_to=None, packages_up_to_regex=None, packages_above=None, packages_above_and_dependencies=None, packages_above_depth=None, packages_select_by_dep=None, packages_skip_by_dep=None, packages_skip_up_to=None, packages_select_build_failed=False, packages_skip_build_finished=False, packages_select_test_failures=False, packages_skip_test_passed=False, packages_select=None, packages_skip=None, packages_select_regex=None, packages_skip_regex=None, packages_start=None, packages_end=None, allow_overriding=[], cmake_args=None, cmake_target=None, cmake_target_skip_unavailable=False, cmake_clean_cache=False, cmake_clean_first=False, cmake_force_configure=False, ament_cmake_args=None, catkin_cmake_args=None, catkin_skip_building_tests=False, verb_parser=<colcon_defaults.argument_parser.defaults.DefaultArgumentsDecorator object at 0x7fc521dad390>, verb_extension=<colcon_core.verb.build.BuildVerb object at 0x7fc521d29d20>, main=<bound method BuildVerb.main of <colcon_core.verb.build.BuildVerb object at 0x7fc521d29d20>>)
[0.416s] Level 1:colcon.colcon_core.package_discovery:discover_packages(colcon_meta) check parameters
[0.416s] Level 1:colcon.colcon_core.package_discovery:discover_packages(recursive) check parameters
[0.416s] Level 1:colcon.colcon_core.package_discovery:discover_packages(ignore) check parameters
[0.416s] Level 1:colcon.colcon_core.package_discovery:discover_packages(path) check parameters
[0.416s] Level 1:colcon.colcon_core.package_discovery:discover_packages(colcon_meta) discover
[0.416s] Level 1:colcon.colcon_core.package_discovery:discover_packages(recursive) discover
[0.416s] INFO:colcon.colcon_core.package_discovery:Crawling recursively for packages in '/home/controlslab/khushant'
[0.416s] Level 1:colcon.colcon_core.package_identification:_identify(.) by extensions ['ignore', 'ignore_ament_install']
[0.416s] Level 1:colcon.colcon_core.package_identification:_identify(.) by extension 'ignore'
[0.416s] Level 1:colcon.colcon_core.package_identification:_identify(.) by extension 'ignore_ament_install'
[0.417s] Level 1:colcon.colcon_core.package_identification:_identify(.) by extensions ['colcon_pkg']
[0.417s] Level 1:colcon.colcon_core.package_identification:_identify(.) by extension 'colcon_pkg'
[0.417s] Level 1:colcon.colcon_core.package_identification:_identify(.) by extensions ['colcon_meta']
[0.417s] Level 1:colcon.colcon_core.package_identification:_identify(.) by extension 'colcon_meta'
[0.417s] Level 1:colcon.colcon_core.package_identification:_identify(.) by extensions ['ros']
[0.417s] Level 1:colcon.colcon_core.package_identification:_identify(.) by extension 'ros'
[0.423s] Level 1:colcon.colcon_core.package_identification:_identify(.) by extensions ['cmake', 'python']
[0.423s] Level 1:colcon.colcon_core.package_identification:_identify(.) by extension 'cmake'
[0.423s] Level 1:colcon.colcon_core.package_identification:_identify(.) by extension 'python'
[0.423s] Level 1:colcon.colcon_core.package_identification:_identify(.) by extensions ['python_setup_py']
[0.423s] Level 1:colcon.colcon_core.package_identification:_identify(.) by extension 'python_setup_py'
[0.423s] Level 1:colcon.colcon_core.package_identification:_identify(build) by extensions ['ignore', 'ignore_ament_install']
[0.423s] Level 1:colcon.colcon_core.package_identification:_identify(build) by extension 'ignore'
[0.423s] Level 1:colcon.colcon_core.package_identification:_identify(build) ignored
[0.423s] Level 1:colcon.colcon_core.package_identification:_identify(install) by extensions ['ignore', 'ignore_ament_install']
[0.423s] Level 1:colcon.colcon_core.package_identification:_identify(install) by extension 'ignore'
[0.423s] Level 1:colcon.colcon_core.package_identification:_identify(install) ignored
[0.423s] Level 1:colcon.colcon_core.package_identification:_identify(log) by extensions ['ignore', 'ignore_ament_install']
[0.423s] Level 1:colcon.colcon_core.package_identification:_identify(log) by extension 'ignore'
[0.423s] Level 1:colcon.colcon_core.package_identification:_identify(log) ignored
[0.423s] Level 1:colcon.colcon_core.package_identification:_identify(src) by extensions ['ignore', 'ignore_ament_install']
[0.423s] Level 1:colcon.colcon_core.package_identification:_identify(src) by extension 'ignore'
[0.423s] Level 1:colcon.colcon_core.package_identification:_identify(src) by extension 'ignore_ament_install'
[0.423s] Level 1:colcon.colcon_core.package_identification:_identify(src) by extensions ['colcon_pkg']
[0.423s] Level 1:colcon.colcon_core.package_identification:_identify(src) by extension 'colcon_pkg'
[0.423s] Level 1:colcon.colcon_core.package_identification:_identify(src) by extensions ['colcon_meta']
[0.423s] Level 1:colcon.colcon_core.package_identification:_identify(src) by extension 'colcon_meta'
[0.423s] Level 1:colcon.colcon_core.package_identification:_identify(src) by extensions ['ros']
[0.423s] Level 1:colcon.colcon_core.package_identification:_identify(src) by extension 'ros'
[0.423s] Level 1:colcon.colcon_core.package_identification:_identify(src) by extensions ['cmake', 'python']
[0.423s] Level 1:colcon.colcon_core.package_identification:_identify(src) by extension 'cmake'
[0.423s] Level 1:colcon.colcon_core.package_identification:_identify(src) by extension 'python'
[0.423s] Level 1:colcon.colcon_core.package_identification:_identify(src) by extensions ['python_setup_py']
[0.423s] Level 1:colcon.colcon_core.package_identification:_identify(src) by extension 'python_setup_py'
[0.424s] Level 1:colcon.colcon_core.package_identification:_identify(src/controller) by extensions ['ignore', 'ignore_ament_install']
[0.424s] Level 1:colcon.colcon_core.package_identification:_identify(src/controller) by extension 'ignore'
[0.424s] Level 1:colcon.colcon_core.package_identification:_identify(src/controller) by extension 'ignore_ament_install'
[0.424s] Level 1:colcon.colcon_core.package_identification:_identify(src/controller) by extensions ['colcon_pkg']
[0.424s] Level 1:colcon.colcon_core.package_identification:_identify(src/controller) by extension 'colcon_pkg'
[0.424s] Level 1:colcon.colcon_core.package_identification:_identify(src/controller) by extensions ['colcon_meta']
[0.424s] Level 1:colcon.colcon_core.package_identification:_identify(src/controller) by extension 'colcon_meta'
[0.424s] Level 1:colcon.colcon_core.package_identification:_identify(src/controller) by extensions ['ros']
[0.424s] Level 1:colcon.colcon_core.package_identification:_identify(src/controller) by extension 'ros'
[0.425s] DEBUG:colcon.colcon_core.package_identification:Package 'src/controller' with type 'ros.ament_python' and name 'controller'
[0.425s] Level 1:colcon.colcon_core.package_discovery:discover_packages(recursive) using defaults
[0.425s] Level 1:colcon.colcon_core.package_discovery:discover_packages(ignore) discover
[0.425s] Level 1:colcon.colcon_core.package_discovery:discover_packages(ignore) using defaults
[0.425s] Level 1:colcon.colcon_core.package_discovery:discover_packages(path) discover
[0.425s] Level 1:colcon.colcon_core.package_discovery:discover_packages(path) using defaults
[0.464s] Level 1:colcon.colcon_core.package_discovery:discover_packages(prefix_path) check parameters
[0.464s] Level 1:colcon.colcon_core.package_discovery:discover_packages(prefix_path) discover
[0.476s] DEBUG:colcon.colcon_installed_package_information.package_discovery:Found 1 installed packages in /home/controlslab/khushant/install
[0.482s] DEBUG:colcon.colcon_installed_package_information.package_discovery:Found 281 installed packages in /opt/ros/humble
[0.483s] Level 1:colcon.colcon_core.package_discovery:discover_packages(prefix_path) using defaults
[0.525s] Level 5:colcon.colcon_core.verb:set package 'controller' build argument 'cmake_args' from command line to 'None'
[0.526s] Level 5:colcon.colcon_core.verb:set package 'controller' build argument 'cmake_target' from command line to 'None'
[0.526s] Level 5:colcon.colcon_core.verb:set package 'controller' build argument 'cmake_target_skip_unavailable' from command line to 'False'
[0.526s] Level 5:colcon.colcon_core.verb:set package 'controller' build argument 'cmake_clean_cache' from command line to 'False'
[0.526s] Level 5:colcon.colcon_core.verb:set package 'controller' build argument 'cmake_clean_first' from command line to 'False'
[0.526s] Level 5:colcon.colcon_core.verb:set package 'controller' build argument 'cmake_force_configure' from command line to 'False'
[0.526s] Level 5:colcon.colcon_core.verb:set package 'controller' build argument 'ament_cmake_args' from command line to 'None'
[0.526s] Level 5:colcon.colcon_core.verb:set package 'controller' build argument 'catkin_cmake_args' from command line to 'None'
[0.526s] Level 5:colcon.colcon_core.verb:set package 'controller' build argument 'catkin_skip_building_tests' from command line to 'False'
[0.526s] DEBUG:colcon.colcon_core.verb:Building package 'controller' with the following arguments: {'ament_cmake_args': None, 'build_base': '/home/controlslab/khushant/build/controller', 'catkin_cmake_args': None, 'catkin_skip_building_tests': False, 'cmake_args': None, 'cmake_clean_cache': False, 'cmake_clean_first': False, 'cmake_force_configure': False, 'cmake_target': None, 'cmake_target_skip_unavailable': False, 'install_base': '/home/controlslab/khushant/install/controller', 'merge_install': False, 'path': '/home/controlslab/khushant/src/controller', 'symlink_install': True, 'test_result_base': None}
[0.531s] INFO:colcon.colcon_core.executor:Executing jobs using 'parallel' executor
[0.537s] DEBUG:colcon.colcon_parallel_executor.executor.parallel:run_until_complete
[0.538s] INFO:colcon.colcon_ros.task.ament_python.build:Building ROS package in '/home/controlslab/khushant/src/controller' with build type 'ament_python'
[0.538s] Level 1:colcon.colcon_core.shell:create_environment_hook('controller', 'ament_prefix_path')
[0.544s] INFO:colcon.colcon_core.plugin_system:Skipping extension 'colcon_core.shell.bat': Not used on non-Windows systems
[0.545s] INFO:colcon.colcon_core.shell:Creating environment hook '/home/controlslab/khushant/install/controller/share/controller/hook/ament_prefix_path.ps1'
[0.545s] INFO:colcon.colcon_core.shell:Creating environment descriptor '/home/controlslab/khushant/install/controller/share/controller/hook/ament_prefix_path.dsv'
[0.545s] INFO:colcon.colcon_core.shell:Creating environment hook '/home/controlslab/khushant/install/controller/share/controller/hook/ament_prefix_path.sh'
[0.552s] INFO:colcon.colcon_core.shell:Skip shell extension 'powershell' for command environment: Not usable outside of PowerShell
[0.552s] DEBUG:colcon.colcon_core.shell:Skip shell extension 'dsv' for command environment
[0.697s] INFO:colcon.colcon_core.task.python.build:Building Python package in '/home/controlslab/khushant/src/controller'
[0.703s] INFO:colcon.colcon_core.shell:Skip shell extension 'powershell' for command environment: Not usable outside of PowerShell
[0.703s] DEBUG:colcon.colcon_core.shell:Skip shell extension 'dsv' for command environment
[0.882s] DEBUG:colcon.colcon_core.task.python.build:While undoing a previous installation files outside the Python library path are being ignored: /home/controlslab/khushant/install/controller/share/ament_index/resource_index/packages/controller
[0.882s] DEBUG:colcon.colcon_core.task.python.build:While undoing a previous installation files outside the Python library path are being ignored: /home/controlslab/khushant/install/controller/share/controller/package.xml
[0.882s] DEBUG:colcon.colcon_core.task.python.build:While undoing a previous installation files outside the Python library path are being ignored: /home/controlslab/khushant/install/controller/lib/controller/move
[0.882s] DEBUG:colcon.colcon_core.task.python.build:While undoing a previous installation files outside the Python library path are being ignored: /home/controlslab/khushant/install/controller/lib/controller/new_move
[0.883s] DEBUG:colcon.colcon_core.event_handler.log_command:Invoking command in '/home/controlslab/khushant/build/controller': PYTHONPATH=/home/controlslab/khushant/build/controller/prefix_override:/home/controlslab/khushant/install/controller/lib/python3.10/site-packages:${PYTHONPATH} /usr/bin/python3 setup.py develop --editable --build-directory /home/controlslab/khushant/build/controller/build --no-deps install_data
[1.101s] Level 1:colcon.colcon_core.shell:create_environment_hook('controller', 'pythonpath_develop')
[1.102s] DEBUG:colcon.colcon_core.event_handler.log_command:Invoked command in '/home/controlslab/khushant/build/controller' returned '0': PYTHONPATH=/home/controlslab/khushant/build/controller/prefix_override:/home/controlslab/khushant/install/controller/lib/python3.10/site-packages:${PYTHONPATH} /usr/bin/python3 setup.py develop --editable --build-directory /home/controlslab/khushant/build/controller/build --no-deps install_data
[1.108s] INFO:colcon.colcon_core.shell:Creating environment hook '/home/controlslab/khushant/build/controller/share/controller/hook/pythonpath_develop.ps1'
[1.108s] INFO:colcon.colcon_core.shell:Creating environment descriptor '/home/controlslab/khushant/build/controller/share/controller/hook/pythonpath_develop.dsv'
[1.108s] INFO:colcon.colcon_core.shell:Creating environment hook '/home/controlslab/khushant/build/controller/share/controller/hook/pythonpath_develop.sh'
[1.115s] Level 1:colcon.colcon_core.environment:checking '/home/controlslab/khushant/install/controller' for CMake module files
[1.115s] Level 1:colcon.colcon_core.environment:checking '/home/controlslab/khushant/install/controller' for CMake config files
[1.116s] Level 1:colcon.colcon_core.environment:checking '/home/controlslab/khushant/install/controller/lib'
[1.116s] Level 1:colcon.colcon_core.environment:checking '/home/controlslab/khushant/install/controller/bin'
[1.116s] Level 1:colcon.colcon_core.environment:checking '/home/controlslab/khushant/install/controller/lib/pkgconfig/controller.pc'
[1.116s] Level 1:colcon.colcon_core.environment:checking '/home/controlslab/khushant/install/controller/lib/python3.10/site-packages'
[1.116s] Level 1:colcon.colcon_core.shell:create_environment_hook('controller', 'pythonpath')
[1.122s] INFO:colcon.colcon_core.shell:Creating environment hook '/home/controlslab/khushant/install/controller/share/controller/hook/pythonpath.ps1'
[1.122s] INFO:colcon.colcon_core.shell:Creating environment descriptor '/home/controlslab/khushant/install/controller/share/controller/hook/pythonpath.dsv'
[1.122s] INFO:colcon.colcon_core.shell:Creating environment hook '/home/controlslab/khushant/install/controller/share/controller/hook/pythonpath.sh'
[1.123s] Level 1:colcon.colcon_core.environment:checking '/home/controlslab/khushant/install/controller/bin'
[1.123s] Level 1:colcon.colcon_core.environment:create_environment_scripts_only(controller)
[1.128s] INFO:colcon.colcon_core.shell:Creating package script '/home/controlslab/khushant/install/controller/share/controller/package.ps1'
[1.129s] INFO:colcon.colcon_core.shell:Creating package descriptor '/home/controlslab/khushant/install/controller/share/controller/package.dsv'
[1.129s] INFO:colcon.colcon_core.shell:Creating package script '/home/controlslab/khushant/install/controller/share/controller/package.sh'
[1.129s] INFO:colcon.colcon_core.shell:Creating package script '/home/controlslab/khushant/install/controller/share/controller/package.bash'
[1.130s] INFO:colcon.colcon_core.shell:Creating package script '/home/controlslab/khushant/install/controller/share/controller/package.zsh'
[1.130s] Level 1:colcon.colcon_core.environment:create_file_with_runtime_dependencies(/home/controlslab/khushant/install/controller/share/colcon-core/packages/controller)
[1.130s] DEBUG:colcon.colcon_parallel_executor.executor.parallel:closing loop
[1.130s] DEBUG:colcon.colcon_parallel_executor.executor.parallel:loop closed
[1.130s] DEBUG:colcon.colcon_parallel_executor.executor.parallel:run_until_complete finished with '0'
[1.130s] DEBUG:colcon.colcon_core.event_reactor:joining thread
[1.139s] INFO:colcon.colcon_core.plugin_system:Skipping extension 'colcon_notification.desktop_notification.terminal_notifier': Not used on non-Darwin systems
[1.139s] INFO:colcon.colcon_core.plugin_system:Skipping extension 'colcon_notification.desktop_notification.win32': Not used on non-Windows systems
[1.139s] INFO:colcon.colcon_notification.desktop_notification:Sending desktop notification using 'notify2'
[1.146s] DEBUG:colcon.colcon_core.event_reactor:joined thread
[1.152s] INFO:colcon.colcon_core.shell:Creating prefix script '/home/controlslab/khushant/install/local_setup.ps1'
[1.153s] INFO:colcon.colcon_core.shell:Creating prefix util module '/home/controlslab/khushant/install/_local_setup_util_ps1.py'
[1.153s] INFO:colcon.colcon_core.shell:Creating prefix chain script '/home/controlslab/khushant/install/setup.ps1'
[1.160s] INFO:colcon.colcon_core.shell:Creating prefix script '/home/controlslab/khushant/install/local_setup.sh'
[1.160s] INFO:colcon.colcon_core.shell:Creating prefix util module '/home/controlslab/khushant/install/_local_setup_util_sh.py'
[1.160s] INFO:colcon.colcon_core.shell:Creating prefix chain script '/home/controlslab/khushant/install/setup.sh'
[1.167s] INFO:colcon.colcon_core.shell:Creating prefix script '/home/controlslab/khushant/install/local_setup.bash'
[1.167s] INFO:colcon.colcon_core.shell:Creating prefix chain script '/home/controlslab/khushant/install/setup.bash'
[1.181s] INFO:colcon.colcon_core.shell:Creating prefix script '/home/controlslab/khushant/install/local_setup.zsh'
[1.181s] INFO:colcon.colcon_core.shell:Creating prefix chain script '/home/controlslab/khushant/install/setup.zsh'
