[0.366s] Invoking command in '/home/controlslab/khushant/build/controller': PYTHONPATH=/home/controlslab/khushant/build/controller/prefix_override:/home/controlslab/khushant/install/controller/lib/python3.10/site-packages:${PYTHONPATH} /usr/bin/python3 setup.py develop --editable --build-directory /home/controlslab/khushant/build/controller/build --no-deps install_data
[0.496s] running develop
[0.496s] /usr/lib/python3/dist-packages/setuptools/command/easy_install.py:158: EasyInstallDeprecationWarning: easy_install command is deprecated. Use build and pip and other standards-based tools.
[0.496s]   warnings.warn(
[0.496s] /usr/lib/python3/dist-packages/setuptools/command/install.py:34: SetuptoolsDeprecationWarning: setup.py install is deprecated. Use build and pip and other standards-based tools.
[0.496s]   warnings.warn(
[0.521s] /usr/lib/python3/dist-packages/pkg_resources/__init__.py:116: PkgResourcesDeprecationWarning: 0.1.43ubuntu1 is an invalid version and will not be supported in a future release
[0.521s]   warnings.warn(
[0.521s] /usr/lib/python3/dist-packages/pkg_resources/__init__.py:116: PkgResourcesDeprecationWarning: 1.1build1 is an invalid version and will not be supported in a future release
[0.521s]   warnings.warn(
[0.567s] running egg_info
[0.567s] writing controller.egg-info/PKG-INFO
[0.567s] writing dependency_links to controller.egg-info/dependency_links.txt
[0.568s] writing entry points to controller.egg-info/entry_points.txt
[0.568s] writing requirements to controller.egg-info/requires.txt
[0.568s] writing top-level names to controller.egg-info/top_level.txt
[0.569s] reading manifest file 'controller.egg-info/SOURCES.txt'
[0.569s] writing manifest file 'controller.egg-info/SOURCES.txt'
[0.570s] running build_ext
[0.570s] Creating /home/controlslab/khushant/install/controller/lib/python3.10/site-packages/controller.egg-link (link to .)
[0.571s] Installing dock script to /home/controlslab/khushant/install/controller/lib/controller
[0.571s] Installing move script to /home/controlslab/khushant/install/controller/lib/controller
[0.571s] 
[0.571s] Installed /home/controlslab/khushant/build/controller
[0.571s] running install_data
[0.585s] Invoked command in '/home/controlslab/khushant/build/controller' returned '0': PYTHONPATH=/home/controlslab/khushant/build/controller/prefix_override:/home/controlslab/khushant/install/controller/lib/python3.10/site-packages:${PYTHONPATH} /usr/bin/python3 setup.py develop --editable --build-directory /home/controlslab/khushant/build/controller/build --no-deps install_data
