[0.373s] Invoking command in '/home/controlslab/khushant/build/controller': PYTHONPATH=/home/controlslab/khushant/build/controller/prefix_override:/home/controlslab/khushant/install/controller/lib/python3.10/site-packages:${PYTHONPATH} /usr/bin/python3 setup.py develop --uninstall --editable --build-directory /home/controlslab/khushant/build/controller/build
[0.539s] running develop
[0.539s] /usr/lib/python3/dist-packages/setuptools/command/easy_install.py:158: EasyInstallDeprecationWarning: easy_install command is deprecated. Use build and pip and other standards-based tools.
[0.539s]   warnings.warn(
[0.540s] /usr/lib/python3/dist-packages/setuptools/command/install.py:34: SetuptoolsDeprecationWarning: setup.py install is deprecated. Use build and pip and other standards-based tools.
[0.540s]   warnings.warn(
[0.617s] Removing /home/controlslab/khushant/install/controller/lib/python3.10/site-packages/controller.egg-link (link to .)
[0.634s] Invoked command in '/home/controlslab/khushant/build/controller' returned '0': PYTHONPATH=/home/controlslab/khushant/build/controller/prefix_override:/home/controlslab/khushant/install/controller/lib/python3.10/site-packages:${PYTHONPATH} /usr/bin/python3 setup.py develop --uninstall --editable --build-directory /home/controlslab/khushant/build/controller/build
[0.636s] Invoking command in '/home/controlslab/khushant/src/controller': PYTHONPATH=/home/controlslab/khushant/build/controller/prefix_override:/home/controlslab/khushant/install/controller/lib/python3.10/site-packages:${PYTHONPATH} /usr/bin/python3 setup.py egg_info --egg-base ../../build/controller build --build-base /home/controlslab/khushant/build/controller/build install --record /home/controlslab/khushant/build/controller/install.log --single-version-externally-managed
[0.761s] running egg_info
[0.761s] writing ../../build/controller/controller.egg-info/PKG-INFO
[0.761s] writing dependency_links to ../../build/controller/controller.egg-info/dependency_links.txt
[0.761s] writing entry points to ../../build/controller/controller.egg-info/entry_points.txt
[0.762s] writing requirements to ../../build/controller/controller.egg-info/requires.txt
[0.762s] writing top-level names to ../../build/controller/controller.egg-info/top_level.txt
[0.763s] reading manifest file '../../build/controller/controller.egg-info/SOURCES.txt'
[0.763s] adding license file 'LICENSE'
[0.764s] writing manifest file '../../build/controller/controller.egg-info/SOURCES.txt'
[0.764s] running build
[0.764s] running build_py
[0.764s] copying controller/move.py -> /home/controlslab/khushant/build/controller/build/lib/controller
[0.765s] running install
[0.765s] /usr/lib/python3/dist-packages/setuptools/command/install.py:34: SetuptoolsDeprecationWarning: setup.py install is deprecated. Use build and pip and other standards-based tools.
[0.765s]   warnings.warn(
[0.765s] running install_lib
[0.766s] copying /home/controlslab/khushant/build/controller/build/lib/controller/move.py -> /home/controlslab/khushant/install/controller/lib/python3.10/site-packages/controller
[0.766s] copying /home/controlslab/khushant/build/controller/build/lib/controller/obstacle.py -> /home/controlslab/khushant/install/controller/lib/python3.10/site-packages/controller
[0.766s] copying /home/controlslab/khushant/build/controller/build/lib/controller/__init__.py -> /home/controlslab/khushant/install/controller/lib/python3.10/site-packages/controller
[0.767s] byte-compiling /home/controlslab/khushant/install/controller/lib/python3.10/site-packages/controller/move.py to move.cpython-310.pyc
[0.768s] byte-compiling /home/controlslab/khushant/install/controller/lib/python3.10/site-packages/controller/obstacle.py to obstacle.cpython-310.pyc
[0.768s] byte-compiling /home/controlslab/khushant/install/controller/lib/python3.10/site-packages/controller/__init__.py to __init__.cpython-310.pyc
[0.768s] running install_data
[0.769s] running install_egg_info
[0.770s] Copying ../../build/controller/controller.egg-info to /home/controlslab/khushant/install/controller/lib/python3.10/site-packages/controller-0.0.0-py3.10.egg-info
[0.771s] running install_scripts
[0.784s] Installing move script to /home/controlslab/khushant/install/controller/lib/controller
[0.784s] writing list of installed files to '/home/controlslab/khushant/build/controller/install.log'
[0.797s] Invoked command in '/home/controlslab/khushant/src/controller' returned '0': PYTHONPATH=/home/controlslab/khushant/build/controller/prefix_override:/home/controlslab/khushant/install/controller/lib/python3.10/site-packages:${PYTHONPATH} /usr/bin/python3 setup.py egg_info --egg-base ../../build/controller build --build-base /home/controlslab/khushant/build/controller/build install --record /home/controlslab/khushant/build/controller/install.log --single-version-externally-managed
