[0.366s] Invoking command in '/home/controlslab/khushant/build/controller': PYTHONPATH=/home/controlslab/khushant/build/controller/prefix_override:/home/controlslab/khushant/install/controller/lib/python3.10/site-packages:${PYTHONPATH} /usr/bin/python3 setup.py develop --uninstall --editable --build-directory /home/controlslab/khushant/build/controller/build
[0.499s] running develop
[0.499s] /usr/lib/python3/dist-packages/setuptools/command/easy_install.py:158: EasyInstallDeprecationWarning: easy_install command is deprecated. Use build and pip and other standards-based tools.
[0.499s]   warnings.warn(
[0.499s] /usr/lib/python3/dist-packages/setuptools/command/install.py:34: SetuptoolsDeprecationWarning: setup.py install is deprecated. Use build and pip and other standards-based tools.
[0.500s]   warnings.warn(
[0.524s] /usr/lib/python3/dist-packages/pkg_resources/__init__.py:116: PkgResourcesDeprecationWarning: 0.1.43ubuntu1 is an invalid version and will not be supported in a future release
[0.524s]   warnings.warn(
[0.524s] /usr/lib/python3/dist-packages/pkg_resources/__init__.py:116: PkgResourcesDeprecationWarning: 1.1build1 is an invalid version and will not be supported in a future release
[0.524s]   warnings.warn(
[0.571s] Removing /home/controlslab/khushant/install/controller/lib/python3.10/site-packages/controller.egg-link (link to .)
[0.585s] Invoked command in '/home/controlslab/khushant/build/controller' returned '0': PYTHONPATH=/home/controlslab/khushant/build/controller/prefix_override:/home/controlslab/khushant/install/controller/lib/python3.10/site-packages:${PYTHONPATH} /usr/bin/python3 setup.py develop --uninstall --editable --build-directory /home/controlslab/khushant/build/controller/build
[0.587s] Invoking command in '/home/controlslab/khushant/src/controller': PYTHONPATH=/home/controlslab/khushant/build/controller/prefix_override:/home/controlslab/khushant/install/controller/lib/python3.10/site-packages:${PYTHONPATH} /usr/bin/python3 setup.py egg_info --egg-base ../../build/controller build --build-base /home/controlslab/khushant/build/controller/build install --record /home/controlslab/khushant/build/controller/install.log --single-version-externally-managed
[0.708s] running egg_info
[0.708s] writing ../../build/controller/controller.egg-info/PKG-INFO
[0.709s] writing dependency_links to ../../build/controller/controller.egg-info/dependency_links.txt
[0.709s] writing entry points to ../../build/controller/controller.egg-info/entry_points.txt
[0.709s] writing requirements to ../../build/controller/controller.egg-info/requires.txt
[0.709s] writing top-level names to ../../build/controller/controller.egg-info/top_level.txt
[0.710s] reading manifest file '../../build/controller/controller.egg-info/SOURCES.txt'
[0.710s] adding license file 'LICENSE'
[0.710s] writing manifest file '../../build/controller/controller.egg-info/SOURCES.txt'
[0.710s] running build
[0.710s] running build_py
[0.710s] copying controller/move.py -> /home/controlslab/khushant/build/controller/build/lib/controller
[0.711s] copying controller/dock.py -> /home/controlslab/khushant/build/controller/build/lib/controller
[0.711s] /usr/lib/python3/dist-packages/setuptools/command/install.py:34: SetuptoolsDeprecationWarning: setup.py install is deprecated. Use build and pip and other standards-based tools.
[0.711s]   warnings.warn(
[0.711s] running install
[0.711s] running install_lib
[0.711s] creating /home/controlslab/khushant/install/controller/lib/python3.10/site-packages/controller
[0.712s] copying /home/controlslab/khushant/build/controller/build/lib/controller/move.py -> /home/controlslab/khushant/install/controller/lib/python3.10/site-packages/controller
[0.712s] copying /home/controlslab/khushant/build/controller/build/lib/controller/dock.py -> /home/controlslab/khushant/install/controller/lib/python3.10/site-packages/controller
[0.712s] copying /home/controlslab/khushant/build/controller/build/lib/controller/__init__.py -> /home/controlslab/khushant/install/controller/lib/python3.10/site-packages/controller
[0.712s] byte-compiling /home/controlslab/khushant/install/controller/lib/python3.10/site-packages/controller/move.py to move.cpython-310.pyc
[0.712s] byte-compiling /home/controlslab/khushant/install/controller/lib/python3.10/site-packages/controller/dock.py to dock.cpython-310.pyc
[0.712s] byte-compiling /home/controlslab/khushant/install/controller/lib/python3.10/site-packages/controller/__init__.py to __init__.cpython-310.pyc
[0.712s] running install_data
[0.713s] running install_egg_info
[0.714s] Copying ../../build/controller/controller.egg-info to /home/controlslab/khushant/install/controller/lib/python3.10/site-packages/controller-0.0.0-py3.10.egg-info
[0.714s] running install_scripts
[0.726s] Installing dock script to /home/controlslab/khushant/install/controller/lib/controller
[0.726s] Installing move script to /home/controlslab/khushant/install/controller/lib/controller
[0.726s] writing list of installed files to '/home/controlslab/khushant/build/controller/install.log'
[0.742s] Invoked command in '/home/controlslab/khushant/src/controller' returned '0': PYTHONPATH=/home/controlslab/khushant/build/controller/prefix_override:/home/controlslab/khushant/install/controller/lib/python3.10/site-packages:${PYTHONPATH} /usr/bin/python3 setup.py egg_info --egg-base ../../build/controller build --build-base /home/controlslab/khushant/build/controller/build install --record /home/controlslab/khushant/build/controller/install.log --single-version-externally-managed
