[0.377s] Invoking command in '/home/controlslab/khushant/src/controller': PYTHONPATH=/home/controlslab/khushant/build/controller/prefix_override:/home/controlslab/khushant/install/controller/lib/python3.10/site-packages:${PYTHONPATH} /usr/bin/python3 setup.py egg_info --egg-base ../../build/controller build --build-base /home/controlslab/khushant/build/controller/build install --record /home/controlslab/khushant/build/controller/install.log --single-version-externally-managed
[0.505s] running egg_info
[0.505s] writing ../../build/controller/controller.egg-info/PKG-INFO
[0.505s] writing dependency_links to ../../build/controller/controller.egg-info/dependency_links.txt
[0.505s] writing entry points to ../../build/controller/controller.egg-info/entry_points.txt
[0.505s] writing requirements to ../../build/controller/controller.egg-info/requires.txt
[0.505s] writing top-level names to ../../build/controller/controller.egg-info/top_level.txt
[0.507s] reading manifest file '../../build/controller/controller.egg-info/SOURCES.txt'
[0.507s] adding license file 'LICENSE'
[0.507s] writing manifest file '../../build/controller/controller.egg-info/SOURCES.txt'
[0.508s] running build
[0.508s] running build_py
[0.508s] copying controller/move.py -> /home/controlslab/khushant/build/controller/build/lib/controller
[0.508s] /usr/lib/python3/dist-packages/setuptools/command/install.py:34: SetuptoolsDeprecationWarning: setup.py install is deprecated. Use build and pip and other standards-based tools.
[0.508s]   warnings.warn(
[0.508s] running install
[0.508s] running install_lib
[0.509s] copying /home/controlslab/khushant/build/controller/build/lib/controller/move.py -> /home/controlslab/khushant/install/controller/lib/python3.10/site-packages/controller
[0.509s] byte-compiling /home/controlslab/khushant/install/controller/lib/python3.10/site-packages/controller/move.py to move.cpython-310.pyc
[0.510s] running install_data
[0.510s] running install_egg_info
[0.511s] removing '/home/controlslab/khushant/install/controller/lib/python3.10/site-packages/controller-0.0.0-py3.10.egg-info' (and everything under it)
[0.511s] Copying ../../build/controller/controller.egg-info to /home/controlslab/khushant/install/controller/lib/python3.10/site-packages/controller-0.0.0-py3.10.egg-info
[0.512s] running install_scripts
[0.524s] Installing move script to /home/controlslab/khushant/install/controller/lib/controller
[0.524s] writing list of installed files to '/home/controlslab/khushant/build/controller/install.log'
[0.544s] Invoked command in '/home/controlslab/khushant/src/controller' returned '0': PYTHONPATH=/home/controlslab/khushant/build/controller/prefix_override:/home/controlslab/khushant/install/controller/lib/python3.10/site-packages:${PYTHONPATH} /usr/bin/python3 setup.py egg_info --egg-base ../../build/controller build --build-base /home/controlslab/khushant/build/controller/build install --record /home/controlslab/khushant/build/controller/install.log --single-version-externally-managed
