[0.391s] Invoking command in '/home/controlslab/khushant/src/controller': PYTHONPATH=/home/controlslab/khushant/build/controller/prefix_override:/home/controlslab/khushant/install/controller/lib/python3.10/site-packages:${PYTHONPATH} /usr/bin/python3 setup.py egg_info --egg-base ../../build/controller build --build-base /home/controlslab/khushant/build/controller/build install --record /home/controlslab/khushant/build/controller/install.log --single-version-externally-managed
[0.542s] running egg_info
[0.543s] writing ../../build/controller/controller.egg-info/PKG-INFO
[0.543s] writing dependency_links to ../../build/controller/controller.egg-info/dependency_links.txt
[0.543s] writing entry points to ../../build/controller/controller.egg-info/entry_points.txt
[0.543s] writing requirements to ../../build/controller/controller.egg-info/requires.txt
[0.543s] writing top-level names to ../../build/controller/controller.egg-info/top_level.txt
[0.545s] reading manifest file '../../build/controller/controller.egg-info/SOURCES.txt'
[0.546s] adding license file 'LICENSE'
[0.546s] writing manifest file '../../build/controller/controller.egg-info/SOURCES.txt'
[0.546s] running build
[0.546s] running build_py
[0.546s] copying controller/move.py -> /home/controlslab/khushant/build/controller/build/lib/controller
[0.547s] running install
[0.547s] /usr/lib/python3/dist-packages/setuptools/command/install.py:34: SetuptoolsDeprecationWarning: setup.py install is deprecated. Use build and pip and other standards-based tools.
[0.547s]   warnings.warn(
[0.547s] running install_lib
[0.548s] copying /home/controlslab/khushant/build/controller/build/lib/controller/move.py -> /home/controlslab/khushant/install/controller/lib/python3.10/site-packages/controller
[0.549s] byte-compiling /home/controlslab/khushant/install/controller/lib/python3.10/site-packages/controller/move.py to move.cpython-310.pyc
[0.549s] running install_data
[0.550s] running install_egg_info
[0.552s] removing '/home/controlslab/khushant/install/controller/lib/python3.10/site-packages/controller-0.0.0-py3.10.egg-info' (and everything under it)
[0.552s] Copying ../../build/controller/controller.egg-info to /home/controlslab/khushant/install/controller/lib/python3.10/site-packages/controller-0.0.0-py3.10.egg-info
[0.553s] running install_scripts
[0.573s] Installing move script to /home/controlslab/khushant/install/controller/lib/controller
[0.573s] writing list of installed files to '/home/controlslab/khushant/build/controller/install.log'
[0.591s] Invoked command in '/home/controlslab/khushant/src/controller' returned '0': PYTHONPATH=/home/controlslab/khushant/build/controller/prefix_override:/home/controlslab/khushant/install/controller/lib/python3.10/site-packages:${PYTHONPATH} /usr/bin/python3 setup.py egg_info --egg-base ../../build/controller build --build-base /home/controlslab/khushant/build/controller/build install --record /home/controlslab/khushant/build/controller/install.log --single-version-externally-managed
