[1.056s] DEBUG:colcon:Command line arguments: ['/usr/bin/colcon', 'list', '-p', '--base-paths', '/home/controlslab/khushant']
[1.056s] DEBUG:colcon:Parsed command line arguments: Namespace(log_base=None, log_level=None, verb_name='list', build_base='build', ignore_user_meta=False, metas=['./colcon.meta'], base_paths=['/home/controlslab/khushant'], packages_ignore=None, packages_ignore_regex=None, paths=None, packages_up_to=None, packages_up_to_regex=None, packages_above=None, packages_above_and_dependencies=None, packages_above_depth=None, packages_select_by_dep=None, packages_skip_by_dep=None, packages_skip_up_to=None, packages_select_build_failed=False, packages_skip_build_finished=False, packages_select_test_failures=False, packages_skip_test_passed=False, packages_select=None, packages_skip=None, packages_select_regex=None, packages_skip_regex=None, packages_start=None, packages_end=None, allow_overriding=[], topological_order=False, names_only=False, paths_only=True, topological_graph=False, topological_graph_dot=False, topological_graph_density=False, topological_graph_legend=False, topological_graph_dot_cluster=False, topological_graph_dot_include_skipped=False, verb_parser=<colcon_defaults.argument_parser.defaults.DefaultArgumentsDecorator object at 0x7faf748ba6b0>, verb_extension=<colcon_package_information.verb.list.ListVerb object at 0x7faf74725630>, main=<bound method ListVerb.main of <colcon_package_information.verb.list.ListVerb object at 0x7faf74725630>>)
[1.112s] Level 1:colcon.colcon_core.package_discovery:discover_packages(colcon_meta) check parameters
[1.112s] Level 1:colcon.colcon_core.package_discovery:discover_packages(recursive) check parameters
[1.112s] Level 1:colcon.colcon_core.package_discovery:discover_packages(ignore) check parameters
[1.112s] Level 1:colcon.colcon_core.package_discovery:discover_packages(path) check parameters
[1.112s] Level 1:colcon.colcon_core.package_discovery:discover_packages(recursive) discover
[1.113s] INFO:colcon.colcon_core.package_discovery:Crawling recursively for packages in '/home/controlslab/khushant'
[1.113s] Level 1:colcon.colcon_core.package_identification:_identify(/home/controlslab/khushant) by extensions ['ignore', 'ignore_ament_install']
[1.113s] Level 1:colcon.colcon_core.package_identification:_identify(/home/controlslab/khushant) by extension 'ignore'
[1.113s] Level 1:colcon.colcon_core.package_identification:_identify(/home/controlslab/khushant) by extension 'ignore_ament_install'
[1.113s] Level 1:colcon.colcon_core.package_identification:_identify(/home/controlslab/khushant) by extensions ['colcon_pkg']
[1.113s] Level 1:colcon.colcon_core.package_identification:_identify(/home/controlslab/khushant) by extension 'colcon_pkg'
[1.113s] Level 1:colcon.colcon_core.package_identification:_identify(/home/controlslab/khushant) by extensions ['colcon_meta']
[1.113s] Level 1:colcon.colcon_core.package_identification:_identify(/home/controlslab/khushant) by extension 'colcon_meta'
[1.113s] Level 1:colcon.colcon_core.package_identification:_identify(/home/controlslab/khushant) by extensions ['ros']
[1.113s] Level 1:colcon.colcon_core.package_identification:_identify(/home/controlslab/khushant) by extension 'ros'
[1.135s] Level 1:colcon.colcon_core.package_identification:_identify(/home/controlslab/khushant) by extensions ['cmake', 'python']
[1.135s] Level 1:colcon.colcon_core.package_identification:_identify(/home/controlslab/khushant) by extension 'cmake'
[1.135s] Level 1:colcon.colcon_core.package_identification:_identify(/home/controlslab/khushant) by extension 'python'
[1.135s] Level 1:colcon.colcon_core.package_identification:_identify(/home/controlslab/khushant) by extensions ['python_setup_py']
[1.135s] Level 1:colcon.colcon_core.package_identification:_identify(/home/controlslab/khushant) by extension 'python_setup_py'
[1.136s] Level 1:colcon.colcon_core.package_identification:_identify(/home/controlslab/khushant/build) by extensions ['ignore', 'ignore_ament_install']
[1.136s] Level 1:colcon.colcon_core.package_identification:_identify(/home/controlslab/khushant/build) by extension 'ignore'
[1.136s] Level 1:colcon.colcon_core.package_identification:_identify(/home/controlslab/khushant/build) ignored
[1.136s] Level 1:colcon.colcon_core.package_identification:_identify(/home/controlslab/khushant/install) by extensions ['ignore', 'ignore_ament_install']
[1.136s] Level 1:colcon.colcon_core.package_identification:_identify(/home/controlslab/khushant/install) by extension 'ignore'
[1.137s] Level 1:colcon.colcon_core.package_identification:_identify(/home/controlslab/khushant/install) ignored
[1.137s] Level 1:colcon.colcon_core.package_identification:_identify(/home/controlslab/khushant/log) by extensions ['ignore', 'ignore_ament_install']
[1.137s] Level 1:colcon.colcon_core.package_identification:_identify(/home/controlslab/khushant/log) by extension 'ignore'
[1.137s] Level 1:colcon.colcon_core.package_identification:_identify(/home/controlslab/khushant/log) ignored
[1.137s] Level 1:colcon.colcon_core.package_identification:_identify(/home/controlslab/khushant/src) by extensions ['ignore', 'ignore_ament_install']
[1.137s] Level 1:colcon.colcon_core.package_identification:_identify(/home/controlslab/khushant/src) by extension 'ignore'
[1.137s] Level 1:colcon.colcon_core.package_identification:_identify(/home/controlslab/khushant/src) by extension 'ignore_ament_install'
[1.137s] Level 1:colcon.colcon_core.package_identification:_identify(/home/controlslab/khushant/src) by extensions ['colcon_pkg']
[1.138s] Level 1:colcon.colcon_core.package_identification:_identify(/home/controlslab/khushant/src) by extension 'colcon_pkg'
[1.138s] Level 1:colcon.colcon_core.package_identification:_identify(/home/controlslab/khushant/src) by extensions ['colcon_meta']
[1.138s] Level 1:colcon.colcon_core.package_identification:_identify(/home/controlslab/khushant/src) by extension 'colcon_meta'
[1.138s] Level 1:colcon.colcon_core.package_identification:_identify(/home/controlslab/khushant/src) by extensions ['ros']
[1.138s] Level 1:colcon.colcon_core.package_identification:_identify(/home/controlslab/khushant/src) by extension 'ros'
[1.138s] Level 1:colcon.colcon_core.package_identification:_identify(/home/controlslab/khushant/src) by extensions ['cmake', 'python']
[1.138s] Level 1:colcon.colcon_core.package_identification:_identify(/home/controlslab/khushant/src) by extension 'cmake'
[1.138s] Level 1:colcon.colcon_core.package_identification:_identify(/home/controlslab/khushant/src) by extension 'python'
[1.138s] Level 1:colcon.colcon_core.package_identification:_identify(/home/controlslab/khushant/src) by extensions ['python_setup_py']
[1.138s] Level 1:colcon.colcon_core.package_identification:_identify(/home/controlslab/khushant/src) by extension 'python_setup_py'
[1.138s] Level 1:colcon.colcon_core.package_identification:_identify(/home/controlslab/khushant/src/controller) by extensions ['ignore', 'ignore_ament_install']
[1.139s] Level 1:colcon.colcon_core.package_identification:_identify(/home/controlslab/khushant/src/controller) by extension 'ignore'
[1.139s] Level 1:colcon.colcon_core.package_identification:_identify(/home/controlslab/khushant/src/controller) by extension 'ignore_ament_install'
[1.139s] Level 1:colcon.colcon_core.package_identification:_identify(/home/controlslab/khushant/src/controller) by extensions ['colcon_pkg']
[1.139s] Level 1:colcon.colcon_core.package_identification:_identify(/home/controlslab/khushant/src/controller) by extension 'colcon_pkg'
[1.139s] Level 1:colcon.colcon_core.package_identification:_identify(/home/controlslab/khushant/src/controller) by extensions ['colcon_meta']
[1.139s] Level 1:colcon.colcon_core.package_identification:_identify(/home/controlslab/khushant/src/controller) by extension 'colcon_meta'
[1.139s] Level 1:colcon.colcon_core.package_identification:_identify(/home/controlslab/khushant/src/controller) by extensions ['ros']
[1.139s] Level 1:colcon.colcon_core.package_identification:_identify(/home/controlslab/khushant/src/controller) by extension 'ros'
[1.144s] DEBUG:colcon.colcon_core.package_identification:Package '/home/controlslab/khushant/src/controller' with type 'ros.ament_python' and name 'controller'
[1.144s] Level 1:colcon.colcon_core.package_discovery:discover_packages(recursive) using defaults
